# JRE version: Java(TM) SE Runtime Environment (15.0.1+9) (build 15.0.1+9-18)
# Java VM: Java HotSpot(TM) 64-Bit Server VM (15.0.1+9-18, mixed mode, sharing, tiered, compressed oops, g1 gc, windows-amd64)
GC Precious Log:
 CPUs: 4 total, 4 available
 Memory: 12162M
 Large Page Support: Disabled
 NUMA Support: Disabled
 Compressed Oops: Enabled (32-bit)
 Heap Region Size: 1M
 Heap Min Capacity: 8M
 Heap Initial Capacity: 192M
 Heap Max Capacity: 1G
 Pre-touch: Disabled
 Parallel Workers: 4
 Concurrent Workers: 1
 Concurrent Refinement Workers: 4
 Periodic GC: Disabled
Heap:
 garbage-first heap   total 20480K, used 5489K [0x00000000c0000000, 0x0000000100000000)
  region size 1024K, 1 young (1024K), 0 survivors (0K)
 Metaspace       used 2468K, capacity 4850K, committed 5120K, reserved 1056768K
  class space    used 208K, capacity 436K, committed 512K, reserved 1048576K
GC Heap History (20 events):
Event: 38.016 GC heap before
{Heap before GC invocations=29 (full 22):
 garbage-first heap   total 20480K, used 5489K [0x00000000c0000000, 0x0000000100000000)
  region size 1024K, 1 young (1024K), 0 survivors (0K)
 Metaspace       used 2467K, capacity 4850K, committed 5120K, reserved 1056768K
  class space    used 208K, capacity 436K, committed 512K, reserved 1048576K
}
Event: 38.026 GC heap after
{Heap after GC invocations=30 (full 23):
 garbage-first heap   total 20480K, used 5489K [0x00000000c0000000, 0x0000000100000000)
  region size 1024K, 0 young (0K), 0 survivors (0K)
 Metaspace       used 2467K, capacity 4850K, committed 5120K, reserved 1056768K
  class space    used 208K, capacity 436K, committed 512K, reserved 1048576K
}
Event: 38.172 GC heap before
{Heap before GC invocations=30 (full 23):
 garbage-first heap   total 20480K, used 5489K [0x00000000c0000000, 0x0000000100000000)
  region size 1024K, 1 young (1024K), 0 survivors (0K)
 Metaspace       used 2467K, capacity 4850K, committed 5120K, reserved 1056768K
  class space    used 208K, capacity 436K, committed 512K, reserved 1048576K
}
Event: 38.183 GC heap after
{Heap after GC invocations=31 (full 24):
 garbage-first heap   total 20480K, used 5489K [0x00000000c0000000, 0x0000000100000000)
  region size 1024K, 0 young (0K), 0 survivors (0K)
 Metaspace       used 2467K, capacity 4850K, committed 5120K, reserved 1056768K
  class space    used 208K, capacity 436K, committed 512K, reserved 1048576K
}
Event: 38.326 GC heap before
{Heap before GC invocations=31 (full 24):
 garbage-first heap   total 20480K, used 5489K [0x00000000c0000000, 0x0000000100000000)
  region size 1024K, 1 young (1024K), 0 survivors (0K)
 Metaspace       used 2467K, capacity 4850K, committed 5120K, reserved 1056768K
  class space    used 208K, capacity 436K, committed 512K, reserved 1048576K
}
Event: 38.336 GC heap after
{Heap after GC invocations=32 (full 25):
 garbage-first heap   total 20480K, used 5489K [0x00000000c0000000, 0x0000000100000000)
  region size 1024K, 0 young (0K), 0 survivors (0K)
 Metaspace       used 2467K, capacity 4850K, committed 5120K, reserved 1056768K
  class space    used 208K, capacity 436K, committed 512K, reserved 1048576K
}
Event: 38.475 GC heap before
{Heap before GC invocations=32 (full 25):
 garbage-first heap   total 20480K, used 5489K [0x00000000c0000000, 0x0000000100000000)
  region size 1024K, 1 young (1024K), 0 survivors (0K)
 Metaspace       used 2467K, capacity 4850K, committed 5120K, reserved 1056768K
  class space    used 208K, capacity 436K, committed 512K, reserved 1048576K
}
Event: 38.484 GC heap after
{Heap after GC invocations=33 (full 26):
 garbage-first heap   total 20480K, used 5489K [0x00000000c0000000, 0x0000000100000000)
  region size 1024K, 0 young (0K), 0 survivors (0K)
 Metaspace       used 2467K, capacity 4850K, committed 5120K, reserved 1056768K
  class space    used 208K, capacity 436K, committed 512K, reserved 1048576K
}
Event: 42.756 GC heap before
{Heap before GC invocations=33 (full 26):
 garbage-first heap   total 20480K, used 5489K [0x00000000c0000000, 0x0000000100000000)
  region size 1024K, 1 young (1024K), 0 survivors (0K)
 Metaspace       used 2467K, capacity 4850K, committed 5120K, reserved 1056768K
  class space    used 208K, capacity 436K, committed 512K, reserved 1048576K
}
Event: 42.764 GC heap after
{Heap after GC invocations=34 (full 27):
 garbage-first heap   total 20480K, used 5489K [0x00000000c0000000, 0x0000000100000000)
  region size 1024K, 0 young (0K), 0 survivors (0K)
 Metaspace       used 2467K, capacity 4850K, committed 5120K, reserved 1056768K
  class space    used 208K, capacity 436K, committed 512K, reserved 1048576K
}
Event: 42.890 GC heap before
{Heap before GC invocations=34 (full 27):
 garbage-first heap   total 20480K, used 5489K [0x00000000c0000000, 0x0000000100000000)
  region size 1024K, 1 young (1024K), 0 survivors (0K)
 Metaspace       used 2467K, capacity 4850K, committed 5120K, reserved 1056768K
  class space    used 208K, capacity 436K, committed 512K, reserved 1048576K
}
Event: 42.900 GC heap after
{Heap after GC invocations=35 (full 28):
 garbage-first heap   total 20480K, used 5489K [0x00000000c0000000, 0x0000000100000000)
  region size 1024K, 0 young (0K), 0 survivors (0K)
 Metaspace       used 2467K, capacity 4850K, committed 5120K, reserved 1056768K
  class space    used 208K, capacity 436K, committed 512K, reserved 1048576K
}
Event: 43.030 GC heap before
{Heap before GC invocations=35 (full 28):
 garbage-first heap   total 20480K, used 5489K [0x00000000c0000000, 0x0000000100000000)
  region size 1024K, 1 young (1024K), 0 survivors (0K)
 Metaspace       used 2467K, capacity 4850K, committed 5120K, reserved 1056768K
  class space    used 208K, capacity 436K, committed 512K, reserved 1048576K
}
Event: 43.039 GC heap after
{Heap after GC invocations=36 (full 29):
 garbage-first heap   total 20480K, used 5489K [0x00000000c0000000, 0x0000000100000000)
  region size 1024K, 0 young (0K), 0 survivors (0K)
 Metaspace       used 2467K, capacity 4850K, committed 5120K, reserved 1056768K
  class space    used 208K, capacity 436K, committed 512K, reserved 1048576K
}
Event: 43.167 GC heap before
{Heap before GC invocations=36 (full 29):
 garbage-first heap   total 20480K, used 5489K [0x00000000c0000000, 0x0000000100000000)
  region size 1024K, 1 young (1024K), 0 survivors (0K)
 Metaspace       used 2467K, capacity 4850K, committed 5120K, reserved 1056768K
  class space    used 208K, capacity 436K, committed 512K, reserved 1048576K
}
Event: 43.176 GC heap after
{Heap after GC invocations=37 (full 30):
 garbage-first heap   total 20480K, used 5489K [0x00000000c0000000, 0x0000000100000000)
  region size 1024K, 0 young (0K), 0 survivors (0K)
 Metaspace       used 2467K, capacity 4850K, committed 5120K, reserved 1056768K
  class space    used 208K, capacity 436K, committed 512K, reserved 1048576K
}
Event: 187.547 GC heap before
{Heap before GC invocations=37 (full 30):
 garbage-first heap   total 20480K, used 5489K [0x00000000c0000000, 0x0000000100000000)
  region size 1024K, 1 young (1024K), 0 survivors (0K)
 Metaspace       used 2468K, capacity 4850K, committed 5120K, reserved 1056768K
  class space    used 208K, capacity 436K, committed 512K, reserved 1048576K
}
Event: 187.559 GC heap after
{Heap after GC invocations=38 (full 31):
 garbage-first heap   total 20480K, used 5489K [0x00000000c0000000, 0x0000000100000000)
  region size 1024K, 0 young (0K), 0 survivors (0K)
 Metaspace       used 2468K, capacity 4850K, committed 5120K, reserved 1056768K
  class space    used 208K, capacity 436K, committed 512K, reserved 1048576K
}
Event: 188.409 GC heap before
{Heap before GC invocations=38 (full 31):
 garbage-first heap   total 20480K, used 5489K [0x00000000c0000000, 0x0000000100000000)
  region size 1024K, 1 young (1024K), 0 survivors (0K)
 Metaspace       used 2468K, capacity 4850K, committed 5120K, reserved 1056768K
  class space    used 208K, capacity 436K, committed 512K, reserved 1048576K
}
Event: 188.418 GC heap after
{Heap after GC invocations=39 (full 32):
 garbage-first heap   total 20480K, used 5489K [0x00000000c0000000, 0x0000000100000000)
  region size 1024K, 0 young (0K), 0 survivors (0K)
 Metaspace       used 2468K, capacity 4850K, committed 5120K, reserved 1056768K
  class space    used 208K, capacity 436K, committed 512K, reserved 1048576K
}

