# JRE version: Java(TM) SE Runtime Environment (15.0.1+9) (build 15.0.1+9-18)
# Java VM: Java HotSpot(TM) 64-Bit Server VM (15.0.1+9-18, mixed mode, sharing, tiered, compressed oops, g1 gc, windows-amd64)
GC Precious Log:
 CPUs: 4 total, 4 available
 Memory: 12162M
 Large Page Support: Disabled
 NUMA Support: Disabled
 Compressed Oops: Enabled (32-bit)
 Heap Region Size: 1M
 Heap Min Capacity: 8M
 Heap Initial Capacity: 192M
 Heap Max Capacity: 1G
 Pre-touch: Disabled
 Parallel Workers: 4
 Concurrent Workers: 1
 Concurrent Refinement Workers: 4
 Periodic GC: Disabled
Heap:
 garbage-first heap   total 20480K, used 5371K [0x00000000c0000000, 0x0000000100000000)
  region size 1024K, 1 young (1024K), 0 survivors (0K)
 Metaspace       used 2329K, capacity 4842K, committed 5120K, reserved 1056768K
  class space    used 198K, capacity 436K, committed 512K, reserved 1048576K
GC Heap History (20 events):
Event: 38.825 GC heap before
{Heap before GC invocations=34 (full 28):
 garbage-first heap   total 20480K, used 5371K [0x00000000c0000000, 0x0000000100000000)
  region size 1024K, 1 young (1024K), 0 survivors (0K)
 Metaspace       used 2328K, capacity 4842K, committed 5120K, reserved 1056768K
  class space    used 198K, capacity 436K, committed 512K, reserved 1048576K
}
Event: 38.835 GC heap after
{Heap after GC invocations=35 (full 29):
 garbage-first heap   total 20480K, used 5371K [0x00000000c0000000, 0x0000000100000000)
  region size 1024K, 0 young (0K), 0 survivors (0K)
 Metaspace       used 2328K, capacity 4842K, committed 5120K, reserved 1056768K
  class space    used 198K, capacity 436K, committed 512K, reserved 1048576K
}
Event: 38.976 GC heap before
{Heap before GC invocations=35 (full 29):
 garbage-first heap   total 20480K, used 5371K [0x00000000c0000000, 0x0000000100000000)
  region size 1024K, 1 young (1024K), 0 survivors (0K)
 Metaspace       used 2328K, capacity 4842K, committed 5120K, reserved 1056768K
  class space    used 198K, capacity 436K, committed 512K, reserved 1048576K
}
Event: 38.986 GC heap after
{Heap after GC invocations=36 (full 30):
 garbage-first heap   total 20480K, used 5371K [0x00000000c0000000, 0x0000000100000000)
  region size 1024K, 0 young (0K), 0 survivors (0K)
 Metaspace       used 2328K, capacity 4842K, committed 5120K, reserved 1056768K
  class space    used 198K, capacity 436K, committed 512K, reserved 1048576K
}
Event: 39.087 GC heap before
{Heap before GC invocations=36 (full 30):
 garbage-first heap   total 20480K, used 5371K [0x00000000c0000000, 0x0000000100000000)
  region size 1024K, 1 young (1024K), 0 survivors (0K)
 Metaspace       used 2328K, capacity 4842K, committed 5120K, reserved 1056768K
  class space    used 198K, capacity 436K, committed 512K, reserved 1048576K
}
Event: 39.096 GC heap after
{Heap after GC invocations=37 (full 31):
 garbage-first heap   total 20480K, used 5371K [0x00000000c0000000, 0x0000000100000000)
  region size 1024K, 0 young (0K), 0 survivors (0K)
 Metaspace       used 2328K, capacity 4842K, committed 5120K, reserved 1056768K
  class space    used 198K, capacity 436K, committed 512K, reserved 1048576K
}
Event: 39.243 GC heap before
{Heap before GC invocations=37 (full 31):
 garbage-first heap   total 20480K, used 5371K [0x00000000c0000000, 0x0000000100000000)
  region size 1024K, 1 young (1024K), 0 survivors (0K)
 Metaspace       used 2328K, capacity 4842K, committed 5120K, reserved 1056768K
  class space    used 198K, capacity 436K, committed 512K, reserved 1048576K
}
Event: 39.253 GC heap after
{Heap after GC invocations=38 (full 32):
 garbage-first heap   total 20480K, used 5371K [0x00000000c0000000, 0x0000000100000000)
  region size 1024K, 0 young (0K), 0 survivors (0K)
 Metaspace       used 2328K, capacity 4842K, committed 5120K, reserved 1056768K
  class space    used 198K, capacity 436K, committed 512K, reserved 1048576K
}
Event: 43.576 GC heap before
{Heap before GC invocations=38 (full 32):
 garbage-first heap   total 20480K, used 5371K [0x00000000c0000000, 0x0000000100000000)
  region size 1024K, 1 young (1024K), 0 survivors (0K)
 Metaspace       used 2328K, capacity 4842K, committed 5120K, reserved 1056768K
  class space    used 198K, capacity 436K, committed 512K, reserved 1048576K
}
Event: 43.586 GC heap after
{Heap after GC invocations=39 (full 33):
 garbage-first heap   total 20480K, used 5371K [0x00000000c0000000, 0x0000000100000000)
  region size 1024K, 0 young (0K), 0 survivors (0K)
 Metaspace       used 2328K, capacity 4842K, committed 5120K, reserved 1056768K
  class space    used 198K, capacity 436K, committed 512K, reserved 1048576K
}
Event: 43.715 GC heap before
{Heap before GC invocations=39 (full 33):
 garbage-first heap   total 20480K, used 5371K [0x00000000c0000000, 0x0000000100000000)
  region size 1024K, 1 young (1024K), 0 survivors (0K)
 Metaspace       used 2328K, capacity 4842K, committed 5120K, reserved 1056768K
  class space    used 198K, capacity 436K, committed 512K, reserved 1048576K
}
Event: 43.724 GC heap after
{Heap after GC invocations=40 (full 34):
 garbage-first heap   total 20480K, used 5371K [0x00000000c0000000, 0x0000000100000000)
  region size 1024K, 0 young (0K), 0 survivors (0K)
 Metaspace       used 2328K, capacity 4842K, committed 5120K, reserved 1056768K
  class space    used 198K, capacity 436K, committed 512K, reserved 1048576K
}
Event: 43.808 GC heap before
{Heap before GC invocations=40 (full 34):
 garbage-first heap   total 20480K, used 5371K [0x00000000c0000000, 0x0000000100000000)
  region size 1024K, 1 young (1024K), 0 survivors (0K)
 Metaspace       used 2328K, capacity 4842K, committed 5120K, reserved 1056768K
  class space    used 198K, capacity 436K, committed 512K, reserved 1048576K
}
Event: 43.817 GC heap after
{Heap after GC invocations=41 (full 35):
 garbage-first heap   total 20480K, used 5371K [0x00000000c0000000, 0x0000000100000000)
  region size 1024K, 0 young (0K), 0 survivors (0K)
 Metaspace       used 2328K, capacity 4842K, committed 5120K, reserved 1056768K
  class space    used 198K, capacity 436K, committed 512K, reserved 1048576K
}
Event: 43.951 GC heap before
{Heap before GC invocations=41 (full 35):
 garbage-first heap   total 20480K, used 5371K [0x00000000c0000000, 0x0000000100000000)
  region size 1024K, 1 young (1024K), 0 survivors (0K)
 Metaspace       used 2328K, capacity 4842K, committed 5120K, reserved 1056768K
  class space    used 198K, capacity 436K, committed 512K, reserved 1048576K
}
Event: 43.960 GC heap after
{Heap after GC invocations=42 (full 36):
 garbage-first heap   total 20480K, used 5371K [0x00000000c0000000, 0x0000000100000000)
  region size 1024K, 0 young (0K), 0 survivors (0K)
 Metaspace       used 2328K, capacity 4842K, committed 5120K, reserved 1056768K
  class space    used 198K, capacity 436K, committed 512K, reserved 1048576K
}
Event: 185.579 GC heap before
{Heap before GC invocations=42 (full 36):
 garbage-first heap   total 20480K, used 5371K [0x00000000c0000000, 0x0000000100000000)
  region size 1024K, 1 young (1024K), 0 survivors (0K)
 Metaspace       used 2329K, capacity 4842K, committed 5120K, reserved 1056768K
  class space    used 198K, capacity 436K, committed 512K, reserved 1048576K
}
Event: 185.590 GC heap after
{Heap after GC invocations=43 (full 37):
 garbage-first heap   total 20480K, used 5371K [0x00000000c0000000, 0x0000000100000000)
  region size 1024K, 0 young (0K), 0 survivors (0K)
 Metaspace       used 2329K, capacity 4842K, committed 5120K, reserved 1056768K
  class space    used 198K, capacity 436K, committed 512K, reserved 1048576K
}
Event: 186.618 GC heap before
{Heap before GC invocations=43 (full 37):
 garbage-first heap   total 20480K, used 5371K [0x00000000c0000000, 0x0000000100000000)
  region size 1024K, 1 young (1024K), 0 survivors (0K)
 Metaspace       used 2329K, capacity 4842K, committed 5120K, reserved 1056768K
  class space    used 198K, capacity 436K, committed 512K, reserved 1048576K
}
Event: 186.627 GC heap after
{Heap after GC invocations=44 (full 38):
 garbage-first heap   total 20480K, used 5371K [0x00000000c0000000, 0x0000000100000000)
  region size 1024K, 0 young (0K), 0 survivors (0K)
 Metaspace       used 2329K, capacity 4842K, committed 5120K, reserved 1056768K
  class space    used 198K, capacity 436K, committed 512K, reserved 1048576K
}

