# JRE version: Java(TM) SE Runtime Environment (15.0.1+9) (build 15.0.1+9-18)
# Java VM: Java HotSpot(TM) 64-Bit Server VM (15.0.1+9-18, mixed mode, sharing, tiered, compressed oops, g1 gc, windows-amd64)
GC Precious Log:
 CPUs: 4 total, 4 available
 Memory: 12162M
 Large Page Support: Disabled
 NUMA Support: Disabled
 Compressed Oops: Enabled (32-bit)
 Heap Region Size: 1M
 Heap Min Capacity: 8M
 Heap Initial Capacity: 192M
 Heap Max Capacity: 1G
 Pre-touch: Disabled
 Parallel Workers: 4
 Concurrent Workers: 1
 Concurrent Refinement Workers: 4
 Periodic GC: Disabled
Heap:
 garbage-first heap   total 20480K, used 5335K [0x00000000c0000000, 0x0000000100000000)
  region size 1024K, 1 young (1024K), 0 survivors (0K)
 Metaspace       used 2473K, capacity 4778K, committed 4864K, reserved 1056768K
  class space    used 209K, capacity 436K, committed 512K, reserved 1048576K
GC Heap History (20 events):
Event: 47.609 GC heap before
{Heap before GC invocations=14 (full 6):
 garbage-first heap   total 20480K, used 5335K [0x00000000c0000000, 0x0000000100000000)
  region size 1024K, 1 young (1024K), 0 survivors (0K)
 Metaspace       used 2472K, capacity 4778K, committed 4864K, reserved 1056768K
  class space    used 209K, capacity 436K, committed 512K, reserved 1048576K
}
Event: 47.676 GC heap after
{Heap after GC invocations=15 (full 7):
 garbage-first heap   total 20480K, used 5335K [0x00000000c0000000, 0x0000000100000000)
  region size 1024K, 0 young (0K), 0 survivors (0K)
 Metaspace       used 2472K, capacity 4778K, committed 4864K, reserved 1056768K
  class space    used 209K, capacity 436K, committed 512K, reserved 1048576K
}
Event: 48.151 GC heap before
{Heap before GC invocations=15 (full 7):
 garbage-first heap   total 20480K, used 5335K [0x00000000c0000000, 0x0000000100000000)
  region size 1024K, 1 young (1024K), 0 survivors (0K)
 Metaspace       used 2472K, capacity 4778K, committed 4864K, reserved 1056768K
  class space    used 209K, capacity 436K, committed 512K, reserved 1048576K
}
Event: 48.162 GC heap after
{Heap after GC invocations=16 (full 8):
 garbage-first heap   total 20480K, used 5335K [0x00000000c0000000, 0x0000000100000000)
  region size 1024K, 0 young (0K), 0 survivors (0K)
 Metaspace       used 2472K, capacity 4778K, committed 4864K, reserved 1056768K
  class space    used 209K, capacity 436K, committed 512K, reserved 1048576K
}
Event: 80.399 GC heap before
{Heap before GC invocations=16 (full 8):
 garbage-first heap   total 20480K, used 5335K [0x00000000c0000000, 0x0000000100000000)
  region size 1024K, 1 young (1024K), 0 survivors (0K)
 Metaspace       used 2473K, capacity 4778K, committed 4864K, reserved 1056768K
  class space    used 209K, capacity 436K, committed 512K, reserved 1048576K
}
Event: 80.415 GC heap after
{Heap after GC invocations=17 (full 9):
 garbage-first heap   total 20480K, used 5335K [0x00000000c0000000, 0x0000000100000000)
  region size 1024K, 0 young (0K), 0 survivors (0K)
 Metaspace       used 2473K, capacity 4778K, committed 4864K, reserved 1056768K
  class space    used 209K, capacity 436K, committed 512K, reserved 1048576K
}
Event: 80.921 GC heap before
{Heap before GC invocations=17 (full 9):
 garbage-first heap   total 20480K, used 5335K [0x00000000c0000000, 0x0000000100000000)
  region size 1024K, 1 young (1024K), 0 survivors (0K)
 Metaspace       used 2473K, capacity 4778K, committed 4864K, reserved 1056768K
  class space    used 209K, capacity 436K, committed 512K, reserved 1048576K
}
Event: 80.935 GC heap after
{Heap after GC invocations=18 (full 10):
 garbage-first heap   total 20480K, used 5335K [0x00000000c0000000, 0x0000000100000000)
  region size 1024K, 0 young (0K), 0 survivors (0K)
 Metaspace       used 2473K, capacity 4778K, committed 4864K, reserved 1056768K
  class space    used 209K, capacity 436K, committed 512K, reserved 1048576K
}
Event: 81.535 GC heap before
{Heap before GC invocations=18 (full 10):
 garbage-first heap   total 20480K, used 5335K [0x00000000c0000000, 0x0000000100000000)
  region size 1024K, 1 young (1024K), 0 survivors (0K)
 Metaspace       used 2473K, capacity 4778K, committed 4864K, reserved 1056768K
  class space    used 209K, capacity 436K, committed 512K, reserved 1048576K
}
Event: 81.547 GC heap after
{Heap after GC invocations=19 (full 11):
 garbage-first heap   total 20480K, used 5335K [0x00000000c0000000, 0x0000000100000000)
  region size 1024K, 0 young (0K), 0 survivors (0K)
 Metaspace       used 2473K, capacity 4778K, committed 4864K, reserved 1056768K
  class space    used 209K, capacity 436K, committed 512K, reserved 1048576K
}
Event: 90.968 GC heap before
{Heap before GC invocations=19 (full 11):
 garbage-first heap   total 20480K, used 5335K [0x00000000c0000000, 0x0000000100000000)
  region size 1024K, 1 young (1024K), 0 survivors (0K)
 Metaspace       used 2473K, capacity 4778K, committed 4864K, reserved 1056768K
  class space    used 209K, capacity 436K, committed 512K, reserved 1048576K
}
Event: 90.981 GC heap after
{Heap after GC invocations=20 (full 12):
 garbage-first heap   total 20480K, used 5335K [0x00000000c0000000, 0x0000000100000000)
  region size 1024K, 0 young (0K), 0 survivors (0K)
 Metaspace       used 2473K, capacity 4778K, committed 4864K, reserved 1056768K
  class space    used 209K, capacity 436K, committed 512K, reserved 1048576K
}
Event: 92.599 GC heap before
{Heap before GC invocations=20 (full 12):
 garbage-first heap   total 20480K, used 5335K [0x00000000c0000000, 0x0000000100000000)
  region size 1024K, 1 young (1024K), 0 survivors (0K)
 Metaspace       used 2473K, capacity 4778K, committed 4864K, reserved 1056768K
  class space    used 209K, capacity 436K, committed 512K, reserved 1048576K
}
Event: 92.613 GC heap after
{Heap after GC invocations=21 (full 13):
 garbage-first heap   total 20480K, used 5335K [0x00000000c0000000, 0x0000000100000000)
  region size 1024K, 0 young (0K), 0 survivors (0K)
 Metaspace       used 2473K, capacity 4778K, committed 4864K, reserved 1056768K
  class space    used 209K, capacity 436K, committed 512K, reserved 1048576K
}
Event: 223.916 GC heap before
{Heap before GC invocations=21 (full 13):
 garbage-first heap   total 20480K, used 5335K [0x00000000c0000000, 0x0000000100000000)
  region size 1024K, 1 young (1024K), 0 survivors (0K)
 Metaspace       used 2473K, capacity 4778K, committed 4864K, reserved 1056768K
  class space    used 209K, capacity 436K, committed 512K, reserved 1048576K
}
Event: 223.928 GC heap after
{Heap after GC invocations=22 (full 14):
 garbage-first heap   total 20480K, used 5335K [0x00000000c0000000, 0x0000000100000000)
  region size 1024K, 0 young (0K), 0 survivors (0K)
 Metaspace       used 2473K, capacity 4778K, committed 4864K, reserved 1056768K
  class space    used 209K, capacity 436K, committed 512K, reserved 1048576K
}
Event: 242.630 GC heap before
{Heap before GC invocations=22 (full 14):
 garbage-first heap   total 20480K, used 5335K [0x00000000c0000000, 0x0000000100000000)
  region size 1024K, 1 young (1024K), 0 survivors (0K)
 Metaspace       used 2473K, capacity 4778K, committed 4864K, reserved 1056768K
  class space    used 209K, capacity 436K, committed 512K, reserved 1048576K
}
Event: 242.640 GC heap after
{Heap after GC invocations=23 (full 15):
 garbage-first heap   total 20480K, used 5335K [0x00000000c0000000, 0x0000000100000000)
  region size 1024K, 0 young (0K), 0 survivors (0K)
 Metaspace       used 2473K, capacity 4778K, committed 4864K, reserved 1056768K
  class space    used 209K, capacity 436K, committed 512K, reserved 1048576K
}
Event: 243.540 GC heap before
{Heap before GC invocations=23 (full 15):
 garbage-first heap   total 20480K, used 5335K [0x00000000c0000000, 0x0000000100000000)
  region size 1024K, 1 young (1024K), 0 survivors (0K)
 Metaspace       used 2473K, capacity 4778K, committed 4864K, reserved 1056768K
  class space    used 209K, capacity 436K, committed 512K, reserved 1048576K
}
Event: 243.551 GC heap after
{Heap after GC invocations=24 (full 16):
 garbage-first heap   total 20480K, used 5335K [0x00000000c0000000, 0x0000000100000000)
  region size 1024K, 0 young (0K), 0 survivors (0K)
 Metaspace       used 2473K, capacity 4778K, committed 4864K, reserved 1056768K
  class space    used 209K, capacity 436K, committed 512K, reserved 1048576K
}

