# JRE version: Java(TM) SE Runtime Environment (15.0.1+9) (build 15.0.1+9-18)
# Java VM: Java HotSpot(TM) 64-Bit Server VM (15.0.1+9-18, mixed mode, sharing, tiered, compressed oops, g1 gc, windows-amd64)
GC Precious Log:
 CPUs: 4 total, 4 available
 Memory: 12162M
 Large Page Support: Disabled
 NUMA Support: Disabled
 Compressed Oops: Enabled (32-bit)
 Heap Region Size: 1M
 Heap Min Capacity: 8M
 Heap Initial Capacity: 192M
 Heap Max Capacity: 1G
 Pre-touch: Disabled
 Parallel Workers: 4
 Concurrent Workers: 1
 Concurrent Refinement Workers: 4
 Periodic GC: Disabled
Heap:
 garbage-first heap   total 20480K, used 5489K [0x00000000c0000000, 0x0000000100000000)
  region size 1024K, 1 young (1024K), 0 survivors (0K)
 Metaspace       used 2472K, capacity 4850K, committed 5120K, reserved 1056768K
  class space    used 208K, capacity 436K, committed 512K, reserved 1048576K
GC Heap History (20 events):
Event: 481.898 GC heap before
{Heap before GC invocations=45 (full 32):
 garbage-first heap   total 20480K, used 5489K [0x00000000c0000000, 0x0000000100000000)
  region size 1024K, 1 young (1024K), 0 survivors (0K)
 Metaspace       used 2472K, capacity 4850K, committed 5120K, reserved 1056768K
  class space    used 208K, capacity 436K, committed 512K, reserved 1048576K
}
Event: 481.907 GC heap after
{Heap after GC invocations=46 (full 33):
 garbage-first heap   total 20480K, used 5489K [0x00000000c0000000, 0x0000000100000000)
  region size 1024K, 0 young (0K), 0 survivors (0K)
 Metaspace       used 2472K, capacity 4850K, committed 5120K, reserved 1056768K
  class space    used 208K, capacity 436K, committed 512K, reserved 1048576K
}
Event: 482.817 GC heap before
{Heap before GC invocations=46 (full 33):
 garbage-first heap   total 20480K, used 5489K [0x00000000c0000000, 0x0000000100000000)
  region size 1024K, 1 young (1024K), 0 survivors (0K)
 Metaspace       used 2472K, capacity 4850K, committed 5120K, reserved 1056768K
  class space    used 208K, capacity 436K, committed 512K, reserved 1048576K
}
Event: 482.826 GC heap after
{Heap after GC invocations=47 (full 34):
 garbage-first heap   total 20480K, used 5489K [0x00000000c0000000, 0x0000000100000000)
  region size 1024K, 0 young (0K), 0 survivors (0K)
 Metaspace       used 2472K, capacity 4850K, committed 5120K, reserved 1056768K
  class space    used 208K, capacity 436K, committed 512K, reserved 1048576K
}
Event: 482.965 GC heap before
{Heap before GC invocations=47 (full 34):
 garbage-first heap   total 20480K, used 5489K [0x00000000c0000000, 0x0000000100000000)
  region size 1024K, 1 young (1024K), 0 survivors (0K)
 Metaspace       used 2472K, capacity 4850K, committed 5120K, reserved 1056768K
  class space    used 208K, capacity 436K, committed 512K, reserved 1048576K
}
Event: 482.975 GC heap after
{Heap after GC invocations=48 (full 35):
 garbage-first heap   total 20480K, used 5489K [0x00000000c0000000, 0x0000000100000000)
  region size 1024K, 0 young (0K), 0 survivors (0K)
 Metaspace       used 2472K, capacity 4850K, committed 5120K, reserved 1056768K
  class space    used 208K, capacity 436K, committed 512K, reserved 1048576K
}
Event: 483.070 GC heap before
{Heap before GC invocations=48 (full 35):
 garbage-first heap   total 20480K, used 5489K [0x00000000c0000000, 0x0000000100000000)
  region size 1024K, 1 young (1024K), 0 survivors (0K)
 Metaspace       used 2472K, capacity 4850K, committed 5120K, reserved 1056768K
  class space    used 208K, capacity 436K, committed 512K, reserved 1048576K
}
Event: 483.079 GC heap after
{Heap after GC invocations=49 (full 36):
 garbage-first heap   total 20480K, used 5489K [0x00000000c0000000, 0x0000000100000000)
  region size 1024K, 0 young (0K), 0 survivors (0K)
 Metaspace       used 2472K, capacity 4850K, committed 5120K, reserved 1056768K
  class space    used 208K, capacity 436K, committed 512K, reserved 1048576K
}
Event: 487.467 GC heap before
{Heap before GC invocations=49 (full 36):
 garbage-first heap   total 20480K, used 5489K [0x00000000c0000000, 0x0000000100000000)
  region size 1024K, 1 young (1024K), 0 survivors (0K)
 Metaspace       used 2472K, capacity 4850K, committed 5120K, reserved 1056768K
  class space    used 208K, capacity 436K, committed 512K, reserved 1048576K
}
Event: 487.476 GC heap after
{Heap after GC invocations=50 (full 37):
 garbage-first heap   total 20480K, used 5489K [0x00000000c0000000, 0x0000000100000000)
  region size 1024K, 0 young (0K), 0 survivors (0K)
 Metaspace       used 2472K, capacity 4850K, committed 5120K, reserved 1056768K
  class space    used 208K, capacity 436K, committed 512K, reserved 1048576K
}
Event: 487.603 GC heap before
{Heap before GC invocations=50 (full 37):
 garbage-first heap   total 20480K, used 5489K [0x00000000c0000000, 0x0000000100000000)
  region size 1024K, 1 young (1024K), 0 survivors (0K)
 Metaspace       used 2472K, capacity 4850K, committed 5120K, reserved 1056768K
  class space    used 208K, capacity 436K, committed 512K, reserved 1048576K
}
Event: 487.612 GC heap after
{Heap after GC invocations=51 (full 38):
 garbage-first heap   total 20480K, used 5489K [0x00000000c0000000, 0x0000000100000000)
  region size 1024K, 0 young (0K), 0 survivors (0K)
 Metaspace       used 2472K, capacity 4850K, committed 5120K, reserved 1056768K
  class space    used 208K, capacity 436K, committed 512K, reserved 1048576K
}
Event: 487.739 GC heap before
{Heap before GC invocations=51 (full 38):
 garbage-first heap   total 20480K, used 5489K [0x00000000c0000000, 0x0000000100000000)
  region size 1024K, 1 young (1024K), 0 survivors (0K)
 Metaspace       used 2472K, capacity 4850K, committed 5120K, reserved 1056768K
  class space    used 208K, capacity 436K, committed 512K, reserved 1048576K
}
Event: 487.748 GC heap after
{Heap after GC invocations=52 (full 39):
 garbage-first heap   total 20480K, used 5489K [0x00000000c0000000, 0x0000000100000000)
  region size 1024K, 0 young (0K), 0 survivors (0K)
 Metaspace       used 2472K, capacity 4850K, committed 5120K, reserved 1056768K
  class space    used 208K, capacity 436K, committed 512K, reserved 1048576K
}
Event: 487.827 GC heap before
{Heap before GC invocations=52 (full 39):
 garbage-first heap   total 20480K, used 5489K [0x00000000c0000000, 0x0000000100000000)
  region size 1024K, 1 young (1024K), 0 survivors (0K)
 Metaspace       used 2472K, capacity 4850K, committed 5120K, reserved 1056768K
  class space    used 208K, capacity 436K, committed 512K, reserved 1048576K
}
Event: 487.836 GC heap after
{Heap after GC invocations=53 (full 40):
 garbage-first heap   total 20480K, used 5489K [0x00000000c0000000, 0x0000000100000000)
  region size 1024K, 0 young (0K), 0 survivors (0K)
 Metaspace       used 2472K, capacity 4850K, committed 5120K, reserved 1056768K
  class space    used 208K, capacity 436K, committed 512K, reserved 1048576K
}
Event: 666.899 GC heap before
{Heap before GC invocations=53 (full 40):
 garbage-first heap   total 20480K, used 5489K [0x00000000c0000000, 0x0000000100000000)
  region size 1024K, 1 young (1024K), 0 survivors (0K)
 Metaspace       used 2472K, capacity 4850K, committed 5120K, reserved 1056768K
  class space    used 208K, capacity 436K, committed 512K, reserved 1048576K
}
Event: 666.908 GC heap after
{Heap after GC invocations=54 (full 41):
 garbage-first heap   total 20480K, used 5489K [0x00000000c0000000, 0x0000000100000000)
  region size 1024K, 0 young (0K), 0 survivors (0K)
 Metaspace       used 2472K, capacity 4850K, committed 5120K, reserved 1056768K
  class space    used 208K, capacity 436K, committed 512K, reserved 1048576K
}
Event: 668.161 GC heap before
{Heap before GC invocations=54 (full 41):
 garbage-first heap   total 20480K, used 5489K [0x00000000c0000000, 0x0000000100000000)
  region size 1024K, 1 young (1024K), 0 survivors (0K)
 Metaspace       used 2472K, capacity 4850K, committed 5120K, reserved 1056768K
  class space    used 208K, capacity 436K, committed 512K, reserved 1048576K
}
Event: 668.174 GC heap after
{Heap after GC invocations=55 (full 42):
 garbage-first heap   total 20480K, used 5489K [0x00000000c0000000, 0x0000000100000000)
  region size 1024K, 0 young (0K), 0 survivors (0K)
 Metaspace       used 2472K, capacity 4850K, committed 5120K, reserved 1056768K
  class space    used 208K, capacity 436K, committed 512K, reserved 1048576K
}

